[2025-02-26 22:59:26] laravel.EMERGENCY: Unable to create configured logger. Using emergency logger. {"exception":"[object] (InvalidArgumentException(code: 0): Log [] is not defined. at /Users/mesutcabuk/Projects/paqt/backend/wmo-api/vendor/laravel/framework/src/Illuminate/Log/LogManager.php:232)
[stacktrace]
#0 /Users/mesutcabuk/Projects/paqt/backend/wmo-api/vendor/laravel/framework/src/Illuminate/Log/LogManager.php(139): Illuminate\\Log\\LogManager->resolve('', NULL)
#1 /Users/mesutcabuk/Projects/paqt/backend/wmo-api/vendor/laravel/framework/src/Illuminate/Log/LogManager.php(126): Illuminate\\Log\\LogManager->get('')
#2 /Users/mesutcabuk/Projects/paqt/backend/wmo-api/vendor/laravel/framework/src/Illuminate/Log/LogManager.php(701): Illuminate\\Log\\LogManager->driver()
#3 /Users/mesutcabuk/Projects/paqt/backend/wmo-api/vendor/laravel/framework/src/Illuminate/Foundation/Exceptions/Handler.php(380): Illuminate\\Log\\LogManager->error('array_merge(): ...', Array)
#4 /Users/mesutcabuk/Projects/paqt/backend/wmo-api/vendor/laravel/framework/src/Illuminate/Foundation/Exceptions/Handler.php(343): Illuminate\\Foundation\\Exceptions\\Handler->reportThrowable(Object(TypeError))
#5 /Users/mesutcabuk/Projects/paqt/backend/wmo-api/app/Exceptions/Handler.php(35): Illuminate\\Foundation\\Exceptions\\Handler->report(Object(TypeError))
#6 /Users/mesutcabuk/Projects/paqt/backend/wmo-api/vendor/laravel/framework/src/Illuminate/Foundation/Console/Kernel.php(621): App\\Exceptions\\Handler->report(Object(TypeError))
#7 /Users/mesutcabuk/Projects/paqt/backend/wmo-api/vendor/laravel/framework/src/Illuminate/Foundation/Console/Kernel.php(200): Illuminate\\Foundation\\Console\\Kernel->reportException(Object(TypeError))
#8 /Users/mesutcabuk/Projects/paqt/backend/wmo-api/artisan(54): Illuminate\\Foundation\\Console\\Kernel->handle(Object(Symfony\\Component\\Console\\Input\\ArgvInput), Object(Symfony\\Component\\Console\\Output\\ConsoleOutput))
#9 {main}
"} 
[2025-02-26 22:59:26] laravel.ERROR: array_merge(): Argument #2 must be of type array, int given {"exception":"[object] (TypeError(code: 0): array_merge(): Argument #2 must be of type array, int given at /Users/mesutcabuk/Projects/paqt/backend/wmo-api/vendor/laravel/framework/src/Illuminate/Foundation/Bootstrap/LoadConfiguration.php:99)
[stacktrace]
#0 /Users/mesutcabuk/Projects/paqt/backend/wmo-api/vendor/laravel/framework/src/Illuminate/Foundation/Bootstrap/LoadConfiguration.php(99): array_merge(Array, 1)
#1 /Users/mesutcabuk/Projects/paqt/backend/wmo-api/vendor/laravel/framework/src/Illuminate/Foundation/Bootstrap/LoadConfiguration.php(77): Illuminate\\Foundation\\Bootstrap\\LoadConfiguration->loadConfigurationFile(Object(Illuminate\\Config\\Repository), 'cors', '/Users/mesutcab...', Array)
#2 /Users/mesutcabuk/Projects/paqt/backend/wmo-api/vendor/laravel/framework/src/Illuminate/Foundation/Bootstrap/LoadConfiguration.php(38): Illuminate\\Foundation\\Bootstrap\\LoadConfiguration->loadConfigurationFiles(Object(Illuminate\\Foundation\\Application), Object(Illuminate\\Config\\Repository))
#3 /Users/mesutcabuk/Projects/paqt/backend/wmo-api/vendor/laravel/framework/src/Illuminate/Foundation/Application.php(342): Illuminate\\Foundation\\Bootstrap\\LoadConfiguration->bootstrap(Object(Illuminate\\Foundation\\Application))
#4 /Users/mesutcabuk/Projects/paqt/backend/wmo-api/vendor/laravel/framework/src/Illuminate/Foundation/Console/Kernel.php(474): Illuminate\\Foundation\\Application->bootstrapWith(Array)
#5 /Users/mesutcabuk/Projects/paqt/backend/wmo-api/vendor/laravel/framework/src/Illuminate/Foundation/Console/Kernel.php(196): Illuminate\\Foundation\\Console\\Kernel->bootstrap()
#6 /Users/mesutcabuk/Projects/paqt/backend/wmo-api/artisan(54): Illuminate\\Foundation\\Console\\Kernel->handle(Object(Symfony\\Component\\Console\\Input\\ArgvInput), Object(Symfony\\Component\\Console\\Output\\ConsoleOutput))
#7 {main}
"} 
[2025-02-26 23:01:37] laravel.EMERGENCY: Unable to create configured logger. Using emergency logger. {"exception":"[object] (InvalidArgumentException(code: 0): Log [] is not defined. at /Users/mesutcabuk/Projects/paqt/backend/wmo-api/vendor/laravel/framework/src/Illuminate/Log/LogManager.php:232)
[stacktrace]
#0 /Users/mesutcabuk/Projects/paqt/backend/wmo-api/vendor/laravel/framework/src/Illuminate/Log/LogManager.php(139): Illuminate\\Log\\LogManager->resolve('', NULL)
#1 /Users/mesutcabuk/Projects/paqt/backend/wmo-api/vendor/laravel/framework/src/Illuminate/Log/LogManager.php(126): Illuminate\\Log\\LogManager->get('')
#2 /Users/mesutcabuk/Projects/paqt/backend/wmo-api/vendor/laravel/framework/src/Illuminate/Log/LogManager.php(701): Illuminate\\Log\\LogManager->driver()
#3 /Users/mesutcabuk/Projects/paqt/backend/wmo-api/vendor/laravel/framework/src/Illuminate/Foundation/Exceptions/Handler.php(380): Illuminate\\Log\\LogManager->error('array_merge(): ...', Array)
#4 /Users/mesutcabuk/Projects/paqt/backend/wmo-api/vendor/laravel/framework/src/Illuminate/Foundation/Exceptions/Handler.php(343): Illuminate\\Foundation\\Exceptions\\Handler->reportThrowable(Object(TypeError))
#5 /Users/mesutcabuk/Projects/paqt/backend/wmo-api/app/Exceptions/Handler.php(35): Illuminate\\Foundation\\Exceptions\\Handler->report(Object(TypeError))
#6 /Users/mesutcabuk/Projects/paqt/backend/wmo-api/vendor/laravel/framework/src/Illuminate/Foundation/Console/Kernel.php(621): App\\Exceptions\\Handler->report(Object(TypeError))
#7 /Users/mesutcabuk/Projects/paqt/backend/wmo-api/vendor/laravel/framework/src/Illuminate/Foundation/Console/Kernel.php(200): Illuminate\\Foundation\\Console\\Kernel->reportException(Object(TypeError))
#8 /Users/mesutcabuk/Projects/paqt/backend/wmo-api/artisan(54): Illuminate\\Foundation\\Console\\Kernel->handle(Object(Symfony\\Component\\Console\\Input\\ArgvInput), Object(Symfony\\Component\\Console\\Output\\ConsoleOutput))
#9 {main}
"} 
[2025-02-26 23:01:37] laravel.ERROR: array_merge(): Argument #2 must be of type array, int given {"exception":"[object] (TypeError(code: 0): array_merge(): Argument #2 must be of type array, int given at /Users/mesutcabuk/Projects/paqt/backend/wmo-api/vendor/laravel/framework/src/Illuminate/Foundation/Bootstrap/LoadConfiguration.php:99)
[stacktrace]
#0 /Users/mesutcabuk/Projects/paqt/backend/wmo-api/vendor/laravel/framework/src/Illuminate/Foundation/Bootstrap/LoadConfiguration.php(99): array_merge(Array, 1)
#1 /Users/mesutcabuk/Projects/paqt/backend/wmo-api/vendor/laravel/framework/src/Illuminate/Foundation/Bootstrap/LoadConfiguration.php(77): Illuminate\\Foundation\\Bootstrap\\LoadConfiguration->loadConfigurationFile(Object(Illuminate\\Config\\Repository), 'cors', '/Users/mesutcab...', Array)
#2 /Users/mesutcabuk/Projects/paqt/backend/wmo-api/vendor/laravel/framework/src/Illuminate/Foundation/Bootstrap/LoadConfiguration.php(38): Illuminate\\Foundation\\Bootstrap\\LoadConfiguration->loadConfigurationFiles(Object(Illuminate\\Foundation\\Application), Object(Illuminate\\Config\\Repository))
#3 /Users/mesutcabuk/Projects/paqt/backend/wmo-api/vendor/laravel/framework/src/Illuminate/Foundation/Application.php(342): Illuminate\\Foundation\\Bootstrap\\LoadConfiguration->bootstrap(Object(Illuminate\\Foundation\\Application))
#4 /Users/mesutcabuk/Projects/paqt/backend/wmo-api/vendor/laravel/framework/src/Illuminate/Foundation/Console/Kernel.php(474): Illuminate\\Foundation\\Application->bootstrapWith(Array)
#5 /Users/mesutcabuk/Projects/paqt/backend/wmo-api/vendor/laravel/framework/src/Illuminate/Foundation/Console/Kernel.php(196): Illuminate\\Foundation\\Console\\Kernel->bootstrap()
#6 /Users/mesutcabuk/Projects/paqt/backend/wmo-api/artisan(54): Illuminate\\Foundation\\Console\\Kernel->handle(Object(Symfony\\Component\\Console\\Input\\ArgvInput), Object(Symfony\\Component\\Console\\Output\\ConsoleOutput))
#7 {main}
"} 
[2025-02-26 23:05:46] laravel.EMERGENCY: Unable to create configured logger. Using emergency logger. {"exception":"[object] (InvalidArgumentException(code: 0): Log [] is not defined. at /Users/mesutcabuk/Projects/paqt/backend/wmo-api/vendor/laravel/framework/src/Illuminate/Log/LogManager.php:232)
[stacktrace]
#0 /Users/mesutcabuk/Projects/paqt/backend/wmo-api/vendor/laravel/framework/src/Illuminate/Log/LogManager.php(139): Illuminate\\Log\\LogManager->resolve('', NULL)
#1 /Users/mesutcabuk/Projects/paqt/backend/wmo-api/vendor/laravel/framework/src/Illuminate/Log/LogManager.php(126): Illuminate\\Log\\LogManager->get('')
#2 /Users/mesutcabuk/Projects/paqt/backend/wmo-api/vendor/laravel/framework/src/Illuminate/Log/LogManager.php(701): Illuminate\\Log\\LogManager->driver()
#3 /Users/mesutcabuk/Projects/paqt/backend/wmo-api/vendor/laravel/framework/src/Illuminate/Foundation/Exceptions/Handler.php(380): Illuminate\\Log\\LogManager->error('array_merge(): ...', Array)
#4 /Users/mesutcabuk/Projects/paqt/backend/wmo-api/vendor/laravel/framework/src/Illuminate/Foundation/Exceptions/Handler.php(343): Illuminate\\Foundation\\Exceptions\\Handler->reportThrowable(Object(TypeError))
#5 /Users/mesutcabuk/Projects/paqt/backend/wmo-api/app/Exceptions/Handler.php(35): Illuminate\\Foundation\\Exceptions\\Handler->report(Object(TypeError))
#6 /Users/mesutcabuk/Projects/paqt/backend/wmo-api/vendor/laravel/framework/src/Illuminate/Foundation/Console/Kernel.php(621): App\\Exceptions\\Handler->report(Object(TypeError))
#7 /Users/mesutcabuk/Projects/paqt/backend/wmo-api/vendor/laravel/framework/src/Illuminate/Foundation/Console/Kernel.php(200): Illuminate\\Foundation\\Console\\Kernel->reportException(Object(TypeError))
#8 /Users/mesutcabuk/Projects/paqt/backend/wmo-api/artisan(54): Illuminate\\Foundation\\Console\\Kernel->handle(Object(Symfony\\Component\\Console\\Input\\ArgvInput), Object(Symfony\\Component\\Console\\Output\\ConsoleOutput))
#9 {main}
"} 
[2025-02-26 23:05:46] laravel.ERROR: array_merge(): Argument #2 must be of type array, int given {"exception":"[object] (TypeError(code: 0): array_merge(): Argument #2 must be of type array, int given at /Users/mesutcabuk/Projects/paqt/backend/wmo-api/vendor/laravel/framework/src/Illuminate/Foundation/Bootstrap/LoadConfiguration.php:99)
[stacktrace]
#0 /Users/mesutcabuk/Projects/paqt/backend/wmo-api/vendor/laravel/framework/src/Illuminate/Foundation/Bootstrap/LoadConfiguration.php(99): array_merge(Array, 1)
#1 /Users/mesutcabuk/Projects/paqt/backend/wmo-api/vendor/laravel/framework/src/Illuminate/Foundation/Bootstrap/LoadConfiguration.php(77): Illuminate\\Foundation\\Bootstrap\\LoadConfiguration->loadConfigurationFile(Object(Illuminate\\Config\\Repository), 'cors', '/Users/mesutcab...', Array)
#2 /Users/mesutcabuk/Projects/paqt/backend/wmo-api/vendor/laravel/framework/src/Illuminate/Foundation/Bootstrap/LoadConfiguration.php(38): Illuminate\\Foundation\\Bootstrap\\LoadConfiguration->loadConfigurationFiles(Object(Illuminate\\Foundation\\Application), Object(Illuminate\\Config\\Repository))
#3 /Users/mesutcabuk/Projects/paqt/backend/wmo-api/vendor/laravel/framework/src/Illuminate/Foundation/Application.php(342): Illuminate\\Foundation\\Bootstrap\\LoadConfiguration->bootstrap(Object(Illuminate\\Foundation\\Application))
#4 /Users/mesutcabuk/Projects/paqt/backend/wmo-api/vendor/laravel/framework/src/Illuminate/Foundation/Console/Kernel.php(474): Illuminate\\Foundation\\Application->bootstrapWith(Array)
#5 /Users/mesutcabuk/Projects/paqt/backend/wmo-api/vendor/laravel/framework/src/Illuminate/Foundation/Console/Kernel.php(196): Illuminate\\Foundation\\Console\\Kernel->bootstrap()
#6 /Users/mesutcabuk/Projects/paqt/backend/wmo-api/artisan(54): Illuminate\\Foundation\\Console\\Kernel->handle(Object(Symfony\\Component\\Console\\Input\\ArgvInput), Object(Symfony\\Component\\Console\\Output\\ConsoleOutput))
#7 {main}
"} 
[2025-02-26 23:05:46] laravel.EMERGENCY: Unable to create configured logger. Using emergency logger. {"exception":"[object] (InvalidArgumentException(code: 0): Log [] is not defined. at /Users/mesutcabuk/Projects/paqt/backend/wmo-api/vendor/laravel/framework/src/Illuminate/Log/LogManager.php:232)
[stacktrace]
#0 /Users/mesutcabuk/Projects/paqt/backend/wmo-api/vendor/laravel/framework/src/Illuminate/Log/LogManager.php(139): Illuminate\\Log\\LogManager->resolve('', NULL)
#1 /Users/mesutcabuk/Projects/paqt/backend/wmo-api/vendor/laravel/framework/src/Illuminate/Log/LogManager.php(126): Illuminate\\Log\\LogManager->get('')
#2 /Users/mesutcabuk/Projects/paqt/backend/wmo-api/vendor/laravel/framework/src/Illuminate/Log/LogManager.php(701): Illuminate\\Log\\LogManager->driver()
#3 /Users/mesutcabuk/Projects/paqt/backend/wmo-api/vendor/laravel/framework/src/Illuminate/Foundation/Exceptions/Handler.php(380): Illuminate\\Log\\LogManager->error('array_merge(): ...', Array)
#4 /Users/mesutcabuk/Projects/paqt/backend/wmo-api/vendor/laravel/framework/src/Illuminate/Foundation/Exceptions/Handler.php(343): Illuminate\\Foundation\\Exceptions\\Handler->reportThrowable(Object(TypeError))
#5 /Users/mesutcabuk/Projects/paqt/backend/wmo-api/app/Exceptions/Handler.php(35): Illuminate\\Foundation\\Exceptions\\Handler->report(Object(TypeError))
#6 /Users/mesutcabuk/Projects/paqt/backend/wmo-api/vendor/laravel/framework/src/Illuminate/Foundation/Console/Kernel.php(621): App\\Exceptions\\Handler->report(Object(TypeError))
#7 /Users/mesutcabuk/Projects/paqt/backend/wmo-api/vendor/laravel/framework/src/Illuminate/Foundation/Console/Kernel.php(200): Illuminate\\Foundation\\Console\\Kernel->reportException(Object(TypeError))
#8 /Users/mesutcabuk/Projects/paqt/backend/wmo-api/artisan(54): Illuminate\\Foundation\\Console\\Kernel->handle(Object(Symfony\\Component\\Console\\Input\\ArgvInput), Object(Symfony\\Component\\Console\\Output\\ConsoleOutput))
#9 {main}
"} 
[2025-02-26 23:05:46] laravel.ERROR: array_merge(): Argument #2 must be of type array, int given {"exception":"[object] (TypeError(code: 0): array_merge(): Argument #2 must be of type array, int given at /Users/mesutcabuk/Projects/paqt/backend/wmo-api/vendor/laravel/framework/src/Illuminate/Foundation/Bootstrap/LoadConfiguration.php:99)
[stacktrace]
#0 /Users/mesutcabuk/Projects/paqt/backend/wmo-api/vendor/laravel/framework/src/Illuminate/Foundation/Bootstrap/LoadConfiguration.php(99): array_merge(Array, 1)
#1 /Users/mesutcabuk/Projects/paqt/backend/wmo-api/vendor/laravel/framework/src/Illuminate/Foundation/Bootstrap/LoadConfiguration.php(77): Illuminate\\Foundation\\Bootstrap\\LoadConfiguration->loadConfigurationFile(Object(Illuminate\\Config\\Repository), 'cors', '/Users/mesutcab...', Array)
#2 /Users/mesutcabuk/Projects/paqt/backend/wmo-api/vendor/laravel/framework/src/Illuminate/Foundation/Bootstrap/LoadConfiguration.php(38): Illuminate\\Foundation\\Bootstrap\\LoadConfiguration->loadConfigurationFiles(Object(Illuminate\\Foundation\\Application), Object(Illuminate\\Config\\Repository))
#3 /Users/mesutcabuk/Projects/paqt/backend/wmo-api/vendor/laravel/framework/src/Illuminate/Foundation/Application.php(342): Illuminate\\Foundation\\Bootstrap\\LoadConfiguration->bootstrap(Object(Illuminate\\Foundation\\Application))
#4 /Users/mesutcabuk/Projects/paqt/backend/wmo-api/vendor/laravel/framework/src/Illuminate/Foundation/Console/Kernel.php(474): Illuminate\\Foundation\\Application->bootstrapWith(Array)
#5 /Users/mesutcabuk/Projects/paqt/backend/wmo-api/vendor/laravel/framework/src/Illuminate/Foundation/Console/Kernel.php(196): Illuminate\\Foundation\\Console\\Kernel->bootstrap()
#6 /Users/mesutcabuk/Projects/paqt/backend/wmo-api/artisan(54): Illuminate\\Foundation\\Console\\Kernel->handle(Object(Symfony\\Component\\Console\\Input\\ArgvInput), Object(Symfony\\Component\\Console\\Output\\ConsoleOutput))
#7 {main}
"} 
[2025-02-26 23:05:53] laravel.EMERGENCY: Unable to create configured logger. Using emergency logger. {"exception":"[object] (InvalidArgumentException(code: 0): Log [] is not defined. at /Users/mesutcabuk/Projects/paqt/backend/wmo-api/vendor/laravel/framework/src/Illuminate/Log/LogManager.php:232)
[stacktrace]
#0 /Users/mesutcabuk/Projects/paqt/backend/wmo-api/vendor/laravel/framework/src/Illuminate/Log/LogManager.php(139): Illuminate\\Log\\LogManager->resolve('', NULL)
#1 /Users/mesutcabuk/Projects/paqt/backend/wmo-api/vendor/laravel/framework/src/Illuminate/Log/LogManager.php(126): Illuminate\\Log\\LogManager->get('')
#2 /Users/mesutcabuk/Projects/paqt/backend/wmo-api/vendor/laravel/framework/src/Illuminate/Log/LogManager.php(701): Illuminate\\Log\\LogManager->driver()
#3 /Users/mesutcabuk/Projects/paqt/backend/wmo-api/vendor/laravel/framework/src/Illuminate/Foundation/Exceptions/Handler.php(380): Illuminate\\Log\\LogManager->error('array_merge(): ...', Array)
#4 /Users/mesutcabuk/Projects/paqt/backend/wmo-api/vendor/laravel/framework/src/Illuminate/Foundation/Exceptions/Handler.php(343): Illuminate\\Foundation\\Exceptions\\Handler->reportThrowable(Object(TypeError))
#5 /Users/mesutcabuk/Projects/paqt/backend/wmo-api/app/Exceptions/Handler.php(35): Illuminate\\Foundation\\Exceptions\\Handler->report(Object(TypeError))
#6 /Users/mesutcabuk/Projects/paqt/backend/wmo-api/vendor/laravel/framework/src/Illuminate/Foundation/Console/Kernel.php(621): App\\Exceptions\\Handler->report(Object(TypeError))
#7 /Users/mesutcabuk/Projects/paqt/backend/wmo-api/vendor/laravel/framework/src/Illuminate/Foundation/Console/Kernel.php(200): Illuminate\\Foundation\\Console\\Kernel->reportException(Object(TypeError))
#8 /Users/mesutcabuk/Projects/paqt/backend/wmo-api/artisan(54): Illuminate\\Foundation\\Console\\Kernel->handle(Object(Symfony\\Component\\Console\\Input\\ArgvInput), Object(Symfony\\Component\\Console\\Output\\ConsoleOutput))
#9 {main}
"} 
[2025-02-26 23:05:53] laravel.ERROR: array_merge(): Argument #2 must be of type array, int given {"exception":"[object] (TypeError(code: 0): array_merge(): Argument #2 must be of type array, int given at /Users/mesutcabuk/Projects/paqt/backend/wmo-api/vendor/laravel/framework/src/Illuminate/Foundation/Bootstrap/LoadConfiguration.php:99)
[stacktrace]
#0 /Users/mesutcabuk/Projects/paqt/backend/wmo-api/vendor/laravel/framework/src/Illuminate/Foundation/Bootstrap/LoadConfiguration.php(99): array_merge(Array, 1)
#1 /Users/mesutcabuk/Projects/paqt/backend/wmo-api/vendor/laravel/framework/src/Illuminate/Foundation/Bootstrap/LoadConfiguration.php(77): Illuminate\\Foundation\\Bootstrap\\LoadConfiguration->loadConfigurationFile(Object(Illuminate\\Config\\Repository), 'cors', '/Users/mesutcab...', Array)
#2 /Users/mesutcabuk/Projects/paqt/backend/wmo-api/vendor/laravel/framework/src/Illuminate/Foundation/Bootstrap/LoadConfiguration.php(38): Illuminate\\Foundation\\Bootstrap\\LoadConfiguration->loadConfigurationFiles(Object(Illuminate\\Foundation\\Application), Object(Illuminate\\Config\\Repository))
#3 /Users/mesutcabuk/Projects/paqt/backend/wmo-api/vendor/laravel/framework/src/Illuminate/Foundation/Application.php(342): Illuminate\\Foundation\\Bootstrap\\LoadConfiguration->bootstrap(Object(Illuminate\\Foundation\\Application))
#4 /Users/mesutcabuk/Projects/paqt/backend/wmo-api/vendor/laravel/framework/src/Illuminate/Foundation/Console/Kernel.php(474): Illuminate\\Foundation\\Application->bootstrapWith(Array)
#5 /Users/mesutcabuk/Projects/paqt/backend/wmo-api/vendor/laravel/framework/src/Illuminate/Foundation/Console/Kernel.php(196): Illuminate\\Foundation\\Console\\Kernel->bootstrap()
#6 /Users/mesutcabuk/Projects/paqt/backend/wmo-api/artisan(54): Illuminate\\Foundation\\Console\\Kernel->handle(Object(Symfony\\Component\\Console\\Input\\ArgvInput), Object(Symfony\\Component\\Console\\Output\\ConsoleOutput))
#7 {main}
"} 
[2025-02-26 23:05:56] laravel.EMERGENCY: Unable to create configured logger. Using emergency logger. {"exception":"[object] (InvalidArgumentException(code: 0): Log [] is not defined. at /Users/mesutcabuk/Projects/paqt/backend/wmo-api/vendor/laravel/framework/src/Illuminate/Log/LogManager.php:232)
[stacktrace]
#0 /Users/mesutcabuk/Projects/paqt/backend/wmo-api/vendor/laravel/framework/src/Illuminate/Log/LogManager.php(139): Illuminate\\Log\\LogManager->resolve('', NULL)
#1 /Users/mesutcabuk/Projects/paqt/backend/wmo-api/vendor/laravel/framework/src/Illuminate/Log/LogManager.php(126): Illuminate\\Log\\LogManager->get('')
#2 /Users/mesutcabuk/Projects/paqt/backend/wmo-api/vendor/laravel/framework/src/Illuminate/Log/LogManager.php(701): Illuminate\\Log\\LogManager->driver()
#3 /Users/mesutcabuk/Projects/paqt/backend/wmo-api/vendor/laravel/framework/src/Illuminate/Foundation/Exceptions/Handler.php(380): Illuminate\\Log\\LogManager->error('array_merge(): ...', Array)
#4 /Users/mesutcabuk/Projects/paqt/backend/wmo-api/vendor/laravel/framework/src/Illuminate/Foundation/Exceptions/Handler.php(343): Illuminate\\Foundation\\Exceptions\\Handler->reportThrowable(Object(TypeError))
#5 /Users/mesutcabuk/Projects/paqt/backend/wmo-api/app/Exceptions/Handler.php(35): Illuminate\\Foundation\\Exceptions\\Handler->report(Object(TypeError))
#6 /Users/mesutcabuk/Projects/paqt/backend/wmo-api/vendor/laravel/framework/src/Illuminate/Foundation/Console/Kernel.php(621): App\\Exceptions\\Handler->report(Object(TypeError))
#7 /Users/mesutcabuk/Projects/paqt/backend/wmo-api/vendor/laravel/framework/src/Illuminate/Foundation/Console/Kernel.php(200): Illuminate\\Foundation\\Console\\Kernel->reportException(Object(TypeError))
#8 /Users/mesutcabuk/Projects/paqt/backend/wmo-api/artisan(54): Illuminate\\Foundation\\Console\\Kernel->handle(Object(Symfony\\Component\\Console\\Input\\ArgvInput), Object(Symfony\\Component\\Console\\Output\\ConsoleOutput))
#9 {main}
"} 
[2025-02-26 23:05:56] laravel.ERROR: array_merge(): Argument #2 must be of type array, int given {"exception":"[object] (TypeError(code: 0): array_merge(): Argument #2 must be of type array, int given at /Users/mesutcabuk/Projects/paqt/backend/wmo-api/vendor/laravel/framework/src/Illuminate/Foundation/Bootstrap/LoadConfiguration.php:99)
[stacktrace]
#0 /Users/mesutcabuk/Projects/paqt/backend/wmo-api/vendor/laravel/framework/src/Illuminate/Foundation/Bootstrap/LoadConfiguration.php(99): array_merge(Array, 1)
#1 /Users/mesutcabuk/Projects/paqt/backend/wmo-api/vendor/laravel/framework/src/Illuminate/Foundation/Bootstrap/LoadConfiguration.php(77): Illuminate\\Foundation\\Bootstrap\\LoadConfiguration->loadConfigurationFile(Object(Illuminate\\Config\\Repository), 'cors', '/Users/mesutcab...', Array)
#2 /Users/mesutcabuk/Projects/paqt/backend/wmo-api/vendor/laravel/framework/src/Illuminate/Foundation/Bootstrap/LoadConfiguration.php(38): Illuminate\\Foundation\\Bootstrap\\LoadConfiguration->loadConfigurationFiles(Object(Illuminate\\Foundation\\Application), Object(Illuminate\\Config\\Repository))
#3 /Users/mesutcabuk/Projects/paqt/backend/wmo-api/vendor/laravel/framework/src/Illuminate/Foundation/Application.php(342): Illuminate\\Foundation\\Bootstrap\\LoadConfiguration->bootstrap(Object(Illuminate\\Foundation\\Application))
#4 /Users/mesutcabuk/Projects/paqt/backend/wmo-api/vendor/laravel/framework/src/Illuminate/Foundation/Console/Kernel.php(474): Illuminate\\Foundation\\Application->bootstrapWith(Array)
#5 /Users/mesutcabuk/Projects/paqt/backend/wmo-api/vendor/laravel/framework/src/Illuminate/Foundation/Console/Kernel.php(196): Illuminate\\Foundation\\Console\\Kernel->bootstrap()
#6 /Users/mesutcabuk/Projects/paqt/backend/wmo-api/artisan(54): Illuminate\\Foundation\\Console\\Kernel->handle(Object(Symfony\\Component\\Console\\Input\\ArgvInput), Object(Symfony\\Component\\Console\\Output\\ConsoleOutput))
#7 {main}
"} 
[2025-02-26 23:09:46] laravel.EMERGENCY: Unable to create configured logger. Using emergency logger. {"exception":"[object] (InvalidArgumentException(code: 0): Log [] is not defined. at /Users/mesutcabuk/Projects/paqt/backend/wmo-api/vendor/laravel/framework/src/Illuminate/Log/LogManager.php:232)
[stacktrace]
#0 /Users/mesutcabuk/Projects/paqt/backend/wmo-api/vendor/laravel/framework/src/Illuminate/Log/LogManager.php(139): Illuminate\\Log\\LogManager->resolve('', NULL)
#1 /Users/mesutcabuk/Projects/paqt/backend/wmo-api/vendor/laravel/framework/src/Illuminate/Log/LogManager.php(126): Illuminate\\Log\\LogManager->get('')
#2 /Users/mesutcabuk/Projects/paqt/backend/wmo-api/vendor/laravel/framework/src/Illuminate/Log/LogManager.php(701): Illuminate\\Log\\LogManager->driver()
#3 /Users/mesutcabuk/Projects/paqt/backend/wmo-api/vendor/laravel/framework/src/Illuminate/Foundation/Exceptions/Handler.php(380): Illuminate\\Log\\LogManager->error('array_merge(): ...', Array)
#4 /Users/mesutcabuk/Projects/paqt/backend/wmo-api/vendor/laravel/framework/src/Illuminate/Foundation/Exceptions/Handler.php(343): Illuminate\\Foundation\\Exceptions\\Handler->reportThrowable(Object(TypeError))
#5 /Users/mesutcabuk/Projects/paqt/backend/wmo-api/app/Exceptions/Handler.php(35): Illuminate\\Foundation\\Exceptions\\Handler->report(Object(TypeError))
#6 /Users/mesutcabuk/Projects/paqt/backend/wmo-api/vendor/laravel/framework/src/Illuminate/Foundation/Console/Kernel.php(621): App\\Exceptions\\Handler->report(Object(TypeError))
#7 /Users/mesutcabuk/Projects/paqt/backend/wmo-api/vendor/laravel/framework/src/Illuminate/Foundation/Console/Kernel.php(200): Illuminate\\Foundation\\Console\\Kernel->reportException(Object(TypeError))
#8 /Users/mesutcabuk/Projects/paqt/backend/wmo-api/artisan(54): Illuminate\\Foundation\\Console\\Kernel->handle(Object(Symfony\\Component\\Console\\Input\\ArgvInput), Object(Symfony\\Component\\Console\\Output\\ConsoleOutput))
#9 {main}
"} 
[2025-02-26 23:09:46] laravel.ERROR: array_merge(): Argument #2 must be of type array, int given {"exception":"[object] (TypeError(code: 0): array_merge(): Argument #2 must be of type array, int given at /Users/mesutcabuk/Projects/paqt/backend/wmo-api/vendor/laravel/framework/src/Illuminate/Foundation/Bootstrap/LoadConfiguration.php:99)
[stacktrace]
#0 /Users/mesutcabuk/Projects/paqt/backend/wmo-api/vendor/laravel/framework/src/Illuminate/Foundation/Bootstrap/LoadConfiguration.php(99): array_merge(Array, 1)
#1 /Users/mesutcabuk/Projects/paqt/backend/wmo-api/vendor/laravel/framework/src/Illuminate/Foundation/Bootstrap/LoadConfiguration.php(77): Illuminate\\Foundation\\Bootstrap\\LoadConfiguration->loadConfigurationFile(Object(Illuminate\\Config\\Repository), 'cors', '/Users/mesutcab...', Array)
#2 /Users/mesutcabuk/Projects/paqt/backend/wmo-api/vendor/laravel/framework/src/Illuminate/Foundation/Bootstrap/LoadConfiguration.php(38): Illuminate\\Foundation\\Bootstrap\\LoadConfiguration->loadConfigurationFiles(Object(Illuminate\\Foundation\\Application), Object(Illuminate\\Config\\Repository))
#3 /Users/mesutcabuk/Projects/paqt/backend/wmo-api/vendor/laravel/framework/src/Illuminate/Foundation/Application.php(342): Illuminate\\Foundation\\Bootstrap\\LoadConfiguration->bootstrap(Object(Illuminate\\Foundation\\Application))
#4 /Users/mesutcabuk/Projects/paqt/backend/wmo-api/vendor/laravel/framework/src/Illuminate/Foundation/Console/Kernel.php(474): Illuminate\\Foundation\\Application->bootstrapWith(Array)
#5 /Users/mesutcabuk/Projects/paqt/backend/wmo-api/vendor/laravel/framework/src/Illuminate/Foundation/Console/Kernel.php(196): Illuminate\\Foundation\\Console\\Kernel->bootstrap()
#6 /Users/mesutcabuk/Projects/paqt/backend/wmo-api/artisan(54): Illuminate\\Foundation\\Console\\Kernel->handle(Object(Symfony\\Component\\Console\\Input\\ArgvInput), Object(Symfony\\Component\\Console\\Output\\ConsoleOutput))
#7 {main}
"} 
[2025-02-26 23:10:07] laravel.EMERGENCY: Unable to create configured logger. Using emergency logger. {"exception":"[object] (InvalidArgumentException(code: 0): Log [] is not defined. at /Users/mesutcabuk/Projects/paqt/backend/wmo-api/vendor/laravel/framework/src/Illuminate/Log/LogManager.php:232)
[stacktrace]
#0 /Users/mesutcabuk/Projects/paqt/backend/wmo-api/vendor/laravel/framework/src/Illuminate/Log/LogManager.php(139): Illuminate\\Log\\LogManager->resolve('', NULL)
#1 /Users/mesutcabuk/Projects/paqt/backend/wmo-api/vendor/laravel/framework/src/Illuminate/Log/LogManager.php(126): Illuminate\\Log\\LogManager->get('')
#2 /Users/mesutcabuk/Projects/paqt/backend/wmo-api/vendor/laravel/framework/src/Illuminate/Log/LogManager.php(701): Illuminate\\Log\\LogManager->driver()
#3 /Users/mesutcabuk/Projects/paqt/backend/wmo-api/vendor/laravel/framework/src/Illuminate/Foundation/Exceptions/Handler.php(380): Illuminate\\Log\\LogManager->error('array_merge(): ...', Array)
#4 /Users/mesutcabuk/Projects/paqt/backend/wmo-api/vendor/laravel/framework/src/Illuminate/Foundation/Exceptions/Handler.php(343): Illuminate\\Foundation\\Exceptions\\Handler->reportThrowable(Object(TypeError))
#5 /Users/mesutcabuk/Projects/paqt/backend/wmo-api/app/Exceptions/Handler.php(35): Illuminate\\Foundation\\Exceptions\\Handler->report(Object(TypeError))
#6 /Users/mesutcabuk/Projects/paqt/backend/wmo-api/vendor/laravel/framework/src/Illuminate/Foundation/Console/Kernel.php(621): App\\Exceptions\\Handler->report(Object(TypeError))
#7 /Users/mesutcabuk/Projects/paqt/backend/wmo-api/vendor/laravel/framework/src/Illuminate/Foundation/Console/Kernel.php(200): Illuminate\\Foundation\\Console\\Kernel->reportException(Object(TypeError))
#8 /Users/mesutcabuk/Projects/paqt/backend/wmo-api/artisan(54): Illuminate\\Foundation\\Console\\Kernel->handle(Object(Symfony\\Component\\Console\\Input\\ArgvInput), Object(Symfony\\Component\\Console\\Output\\ConsoleOutput))
#9 {main}
"} 
[2025-02-26 23:10:07] laravel.ERROR: array_merge(): Argument #2 must be of type array, int given {"exception":"[object] (TypeError(code: 0): array_merge(): Argument #2 must be of type array, int given at /Users/mesutcabuk/Projects/paqt/backend/wmo-api/vendor/laravel/framework/src/Illuminate/Foundation/Bootstrap/LoadConfiguration.php:99)
[stacktrace]
#0 /Users/mesutcabuk/Projects/paqt/backend/wmo-api/vendor/laravel/framework/src/Illuminate/Foundation/Bootstrap/LoadConfiguration.php(99): array_merge(Array, 1)
#1 /Users/mesutcabuk/Projects/paqt/backend/wmo-api/vendor/laravel/framework/src/Illuminate/Foundation/Bootstrap/LoadConfiguration.php(77): Illuminate\\Foundation\\Bootstrap\\LoadConfiguration->loadConfigurationFile(Object(Illuminate\\Config\\Repository), 'cors', '/Users/mesutcab...', Array)
#2 /Users/mesutcabuk/Projects/paqt/backend/wmo-api/vendor/laravel/framework/src/Illuminate/Foundation/Bootstrap/LoadConfiguration.php(38): Illuminate\\Foundation\\Bootstrap\\LoadConfiguration->loadConfigurationFiles(Object(Illuminate\\Foundation\\Application), Object(Illuminate\\Config\\Repository))
#3 /Users/mesutcabuk/Projects/paqt/backend/wmo-api/vendor/laravel/framework/src/Illuminate/Foundation/Application.php(342): Illuminate\\Foundation\\Bootstrap\\LoadConfiguration->bootstrap(Object(Illuminate\\Foundation\\Application))
#4 /Users/mesutcabuk/Projects/paqt/backend/wmo-api/vendor/laravel/framework/src/Illuminate/Foundation/Console/Kernel.php(474): Illuminate\\Foundation\\Application->bootstrapWith(Array)
#5 /Users/mesutcabuk/Projects/paqt/backend/wmo-api/vendor/laravel/framework/src/Illuminate/Foundation/Console/Kernel.php(196): Illuminate\\Foundation\\Console\\Kernel->bootstrap()
#6 /Users/mesutcabuk/Projects/paqt/backend/wmo-api/artisan(54): Illuminate\\Foundation\\Console\\Kernel->handle(Object(Symfony\\Component\\Console\\Input\\ArgvInput), Object(Symfony\\Component\\Console\\Output\\ConsoleOutput))
#7 {main}
"} 
[2025-02-26 23:10:09] laravel.EMERGENCY: Unable to create configured logger. Using emergency logger. {"exception":"[object] (InvalidArgumentException(code: 0): Log [] is not defined. at /Users/mesutcabuk/Projects/paqt/backend/wmo-api/vendor/laravel/framework/src/Illuminate/Log/LogManager.php:232)
[stacktrace]
#0 /Users/mesutcabuk/Projects/paqt/backend/wmo-api/vendor/laravel/framework/src/Illuminate/Log/LogManager.php(139): Illuminate\\Log\\LogManager->resolve('', NULL)
#1 /Users/mesutcabuk/Projects/paqt/backend/wmo-api/vendor/laravel/framework/src/Illuminate/Log/LogManager.php(126): Illuminate\\Log\\LogManager->get('')
#2 /Users/mesutcabuk/Projects/paqt/backend/wmo-api/vendor/laravel/framework/src/Illuminate/Log/LogManager.php(701): Illuminate\\Log\\LogManager->driver()
#3 /Users/mesutcabuk/Projects/paqt/backend/wmo-api/vendor/laravel/framework/src/Illuminate/Foundation/Exceptions/Handler.php(380): Illuminate\\Log\\LogManager->error('array_merge(): ...', Array)
#4 /Users/mesutcabuk/Projects/paqt/backend/wmo-api/vendor/laravel/framework/src/Illuminate/Foundation/Exceptions/Handler.php(343): Illuminate\\Foundation\\Exceptions\\Handler->reportThrowable(Object(TypeError))
#5 /Users/mesutcabuk/Projects/paqt/backend/wmo-api/app/Exceptions/Handler.php(35): Illuminate\\Foundation\\Exceptions\\Handler->report(Object(TypeError))
#6 /Users/mesutcabuk/Projects/paqt/backend/wmo-api/vendor/laravel/framework/src/Illuminate/Foundation/Console/Kernel.php(621): App\\Exceptions\\Handler->report(Object(TypeError))
#7 /Users/mesutcabuk/Projects/paqt/backend/wmo-api/vendor/laravel/framework/src/Illuminate/Foundation/Console/Kernel.php(200): Illuminate\\Foundation\\Console\\Kernel->reportException(Object(TypeError))
#8 /Users/mesutcabuk/Projects/paqt/backend/wmo-api/artisan(54): Illuminate\\Foundation\\Console\\Kernel->handle(Object(Symfony\\Component\\Console\\Input\\ArgvInput), Object(Symfony\\Component\\Console\\Output\\ConsoleOutput))
#9 {main}
"} 
[2025-02-26 23:10:09] laravel.ERROR: array_merge(): Argument #2 must be of type array, int given {"exception":"[object] (TypeError(code: 0): array_merge(): Argument #2 must be of type array, int given at /Users/mesutcabuk/Projects/paqt/backend/wmo-api/vendor/laravel/framework/src/Illuminate/Foundation/Bootstrap/LoadConfiguration.php:99)
[stacktrace]
#0 /Users/mesutcabuk/Projects/paqt/backend/wmo-api/vendor/laravel/framework/src/Illuminate/Foundation/Bootstrap/LoadConfiguration.php(99): array_merge(Array, 1)
#1 /Users/mesutcabuk/Projects/paqt/backend/wmo-api/vendor/laravel/framework/src/Illuminate/Foundation/Bootstrap/LoadConfiguration.php(77): Illuminate\\Foundation\\Bootstrap\\LoadConfiguration->loadConfigurationFile(Object(Illuminate\\Config\\Repository), 'cors', '/Users/mesutcab...', Array)
#2 /Users/mesutcabuk/Projects/paqt/backend/wmo-api/vendor/laravel/framework/src/Illuminate/Foundation/Bootstrap/LoadConfiguration.php(38): Illuminate\\Foundation\\Bootstrap\\LoadConfiguration->loadConfigurationFiles(Object(Illuminate\\Foundation\\Application), Object(Illuminate\\Config\\Repository))
#3 /Users/mesutcabuk/Projects/paqt/backend/wmo-api/vendor/laravel/framework/src/Illuminate/Foundation/Application.php(342): Illuminate\\Foundation\\Bootstrap\\LoadConfiguration->bootstrap(Object(Illuminate\\Foundation\\Application))
#4 /Users/mesutcabuk/Projects/paqt/backend/wmo-api/vendor/laravel/framework/src/Illuminate/Foundation/Console/Kernel.php(474): Illuminate\\Foundation\\Application->bootstrapWith(Array)
#5 /Users/mesutcabuk/Projects/paqt/backend/wmo-api/vendor/laravel/framework/src/Illuminate/Foundation/Console/Kernel.php(196): Illuminate\\Foundation\\Console\\Kernel->bootstrap()
#6 /Users/mesutcabuk/Projects/paqt/backend/wmo-api/artisan(54): Illuminate\\Foundation\\Console\\Kernel->handle(Object(Symfony\\Component\\Console\\Input\\ArgvInput), Object(Symfony\\Component\\Console\\Output\\ConsoleOutput))
#7 {main}
"} 
[2025-02-26 23:11:56] local.ERROR: The /Users/mesutcabuk/Projects/paqt/backend/wmo-api/bootstrap/cache directory must be present and writable. {"exception":"[object] (Exception(code: 0): The /Users/mesutcabuk/Projects/paqt/backend/wmo-api/bootstrap/cache directory must be present and writable. at /Users/mesutcabuk/Projects/paqt/backend/wmo-api/vendor/laravel/framework/src/Illuminate/Foundation/PackageManifest.php:179)
[stacktrace]
#0 /Users/mesutcabuk/Projects/paqt/backend/wmo-api/vendor/laravel/framework/src/Illuminate/Foundation/PackageManifest.php(132): Illuminate\\Foundation\\PackageManifest->write(Array)
#1 /Users/mesutcabuk/Projects/paqt/backend/wmo-api/vendor/laravel/framework/src/Illuminate/Foundation/PackageManifest.php(108): Illuminate\\Foundation\\PackageManifest->build()
#2 /Users/mesutcabuk/Projects/paqt/backend/wmo-api/vendor/laravel/framework/src/Illuminate/Foundation/PackageManifest.php(91): Illuminate\\Foundation\\PackageManifest->getManifest()
#3 /Users/mesutcabuk/Projects/paqt/backend/wmo-api/vendor/laravel/framework/src/Illuminate/Foundation/PackageManifest.php(80): Illuminate\\Foundation\\PackageManifest->config('aliases')
#4 /Users/mesutcabuk/Projects/paqt/backend/wmo-api/vendor/laravel/framework/src/Illuminate/Foundation/Bootstrap/RegisterFacades.php(26): Illuminate\\Foundation\\PackageManifest->aliases()
#5 /Users/mesutcabuk/Projects/paqt/backend/wmo-api/vendor/laravel/framework/src/Illuminate/Foundation/Application.php(342): Illuminate\\Foundation\\Bootstrap\\RegisterFacades->bootstrap(Object(Illuminate\\Foundation\\Application))
#6 /Users/mesutcabuk/Projects/paqt/backend/wmo-api/vendor/laravel/framework/src/Illuminate/Foundation/Console/Kernel.php(474): Illuminate\\Foundation\\Application->bootstrapWith(Array)
#7 /Users/mesutcabuk/Projects/paqt/backend/wmo-api/vendor/laravel/framework/src/Illuminate/Foundation/Console/Kernel.php(196): Illuminate\\Foundation\\Console\\Kernel->bootstrap()
#8 /Users/mesutcabuk/Projects/paqt/backend/wmo-api/artisan(54): Illuminate\\Foundation\\Console\\Kernel->handle(Object(Symfony\\Component\\Console\\Input\\ArgvInput), Object(Symfony\\Component\\Console\\Output\\ConsoleOutput))
#9 {main}
"} 
[2025-02-26 23:11:59] local.ERROR: The /Users/mesutcabuk/Projects/paqt/backend/wmo-api/bootstrap/cache directory must be present and writable. {"exception":"[object] (Exception(code: 0): The /Users/mesutcabuk/Projects/paqt/backend/wmo-api/bootstrap/cache directory must be present and writable. at /Users/mesutcabuk/Projects/paqt/backend/wmo-api/vendor/laravel/framework/src/Illuminate/Foundation/PackageManifest.php:179)
[stacktrace]
#0 /Users/mesutcabuk/Projects/paqt/backend/wmo-api/vendor/laravel/framework/src/Illuminate/Foundation/PackageManifest.php(132): Illuminate\\Foundation\\PackageManifest->write(Array)
#1 /Users/mesutcabuk/Projects/paqt/backend/wmo-api/vendor/laravel/framework/src/Illuminate/Foundation/PackageManifest.php(108): Illuminate\\Foundation\\PackageManifest->build()
#2 /Users/mesutcabuk/Projects/paqt/backend/wmo-api/vendor/laravel/framework/src/Illuminate/Foundation/PackageManifest.php(91): Illuminate\\Foundation\\PackageManifest->getManifest()
#3 /Users/mesutcabuk/Projects/paqt/backend/wmo-api/vendor/laravel/framework/src/Illuminate/Foundation/PackageManifest.php(80): Illuminate\\Foundation\\PackageManifest->config('aliases')
#4 /Users/mesutcabuk/Projects/paqt/backend/wmo-api/vendor/laravel/framework/src/Illuminate/Foundation/Bootstrap/RegisterFacades.php(26): Illuminate\\Foundation\\PackageManifest->aliases()
#5 /Users/mesutcabuk/Projects/paqt/backend/wmo-api/vendor/laravel/framework/src/Illuminate/Foundation/Application.php(342): Illuminate\\Foundation\\Bootstrap\\RegisterFacades->bootstrap(Object(Illuminate\\Foundation\\Application))
#6 /Users/mesutcabuk/Projects/paqt/backend/wmo-api/vendor/laravel/framework/src/Illuminate/Foundation/Console/Kernel.php(474): Illuminate\\Foundation\\Application->bootstrapWith(Array)
#7 /Users/mesutcabuk/Projects/paqt/backend/wmo-api/vendor/laravel/framework/src/Illuminate/Foundation/Console/Kernel.php(196): Illuminate\\Foundation\\Console\\Kernel->bootstrap()
#8 /Users/mesutcabuk/Projects/paqt/backend/wmo-api/artisan(54): Illuminate\\Foundation\\Console\\Kernel->handle(Object(Symfony\\Component\\Console\\Input\\ArgvInput), Object(Symfony\\Component\\Console\\Output\\ConsoleOutput))
#9 {main}
"} 
[2025-02-26 23:12:29] local.ERROR: The /Users/mesutcabuk/Projects/paqt/backend/wmo-api/bootstrap/cache directory must be present and writable. {"exception":"[object] (Exception(code: 0): The /Users/mesutcabuk/Projects/paqt/backend/wmo-api/bootstrap/cache directory must be present and writable. at /Users/mesutcabuk/Projects/paqt/backend/wmo-api/vendor/laravel/framework/src/Illuminate/Foundation/PackageManifest.php:179)
[stacktrace]
#0 /Users/mesutcabuk/Projects/paqt/backend/wmo-api/vendor/laravel/framework/src/Illuminate/Foundation/PackageManifest.php(132): Illuminate\\Foundation\\PackageManifest->write(Array)
#1 /Users/mesutcabuk/Projects/paqt/backend/wmo-api/vendor/laravel/framework/src/Illuminate/Foundation/PackageManifest.php(108): Illuminate\\Foundation\\PackageManifest->build()
#2 /Users/mesutcabuk/Projects/paqt/backend/wmo-api/vendor/laravel/framework/src/Illuminate/Foundation/PackageManifest.php(91): Illuminate\\Foundation\\PackageManifest->getManifest()
#3 /Users/mesutcabuk/Projects/paqt/backend/wmo-api/vendor/laravel/framework/src/Illuminate/Foundation/PackageManifest.php(80): Illuminate\\Foundation\\PackageManifest->config('aliases')
#4 /Users/mesutcabuk/Projects/paqt/backend/wmo-api/vendor/laravel/framework/src/Illuminate/Foundation/Bootstrap/RegisterFacades.php(26): Illuminate\\Foundation\\PackageManifest->aliases()
#5 /Users/mesutcabuk/Projects/paqt/backend/wmo-api/vendor/laravel/framework/src/Illuminate/Foundation/Application.php(342): Illuminate\\Foundation\\Bootstrap\\RegisterFacades->bootstrap(Object(Illuminate\\Foundation\\Application))
#6 /Users/mesutcabuk/Projects/paqt/backend/wmo-api/vendor/laravel/framework/src/Illuminate/Foundation/Console/Kernel.php(474): Illuminate\\Foundation\\Application->bootstrapWith(Array)
#7 /Users/mesutcabuk/Projects/paqt/backend/wmo-api/vendor/laravel/framework/src/Illuminate/Foundation/Console/Kernel.php(196): Illuminate\\Foundation\\Console\\Kernel->bootstrap()
#8 /Users/mesutcabuk/Projects/paqt/backend/wmo-api/artisan(54): Illuminate\\Foundation\\Console\\Kernel->handle(Object(Symfony\\Component\\Console\\Input\\ArgvInput), Object(Symfony\\Component\\Console\\Output\\ConsoleOutput))
#9 {main}
"} 
